[debug] [2022-09-24T23:24:47.063Z] : 
[debug] [2022-09-24T23:24:47.064Z] : ----------------------------------------------------------------------
[debug] [2022-09-24T23:24:47.064Z] : Command:      /usr/local/bin/node /usr/local/bin/catalyst serve
[debug] [2022-09-24T23:24:47.064Z] : CLI Version:  1.12.1
[debug] [2022-09-24T23:24:47.064Z] : Platform:     darwin
[debug] [2022-09-24T23:24:47.064Z] : Node Version: v14.18.0
[debug] [2022-09-24T23:24:47.065Z] : Time:         Sun Sep 25 2022 04:54:47 GMT+0530 (India Standard Time)
[debug] [2022-09-24T23:24:47.065Z] : ----------------------------------------------------------------------
[debug] [2022-09-24T23:24:47.065Z] : 
[debug] [2022-09-24T23:24:47.500Z] : > authorizing via signed-in user option
[debug] [2022-09-24T23:24:47.501Z] : > command requires scopes: ["ZohoCatalyst.projects.ALL","ZohoCatalyst.functions.ALL","ZohoCatalyst.functions.EXECUTE","ZohoCatalyst.webapp.ALL"]
[debug] [2022-09-24T23:24:47.516Z] : >>>> HTTP REQUEST : GET https://api.catalyst.zoho.com/baas/v1/project/11176000000062001 

[debug] [2022-09-24T23:24:48.435Z] : <<<< HTTP RESPONSE : 200
Response Headers: {"server":"ZGS","date":"Sat, 24 Sep 2022 23:24:48 GMT","content-type":"application/vnd.catalyst.v2+json","transfer-encoding":"chunked","connection":"close","set-cookie":["46512fd555=63dd9cf89a6678b816d9580ec827ee61; Path=/","ZD_CSRF_TOKEN=168fc868-f626-48d8-b5bc-c2d383614790;path=/;SameSite=None;Secure;priority=high","_zcsr_tmp=168fc868-f626-48d8-b5bc-c2d383614790;path=/;SameSite=Strict;Secure;priority=high"],"x-content-type-options":"nosniff","x-xss-protection":"1","pragma":"no-cache","cache-control":"private,no-cache,no-store,max-age=0,must-revalidate","expires":"Thu, 01 Jan 1970 00:00:00 GMT","x-frame-options":"DENY","strict-transport-security":"max-age=63072000"}

[debug] [2022-09-24T23:24:48.441Z] : >>>> HTTP REQUEST : GET https://api.catalyst.zoho.com/baas/v1/project/11176000000062001/environment 

[debug] [2022-09-24T23:24:49.364Z] : <<<< HTTP RESPONSE : 200
Response Headers: {"server":"ZGS","date":"Sat, 24 Sep 2022 23:24:49 GMT","content-type":"application/vnd.catalyst.v2+json","transfer-encoding":"chunked","connection":"close","set-cookie":["46512fd555=63dd9cf89a6678b816d9580ec827ee61; Path=/","ZD_CSRF_TOKEN=33ebed3a-ca1d-42e7-98e1-655c425206fa;path=/;SameSite=None;Secure;priority=high","_zcsr_tmp=33ebed3a-ca1d-42e7-98e1-655c425206fa;path=/;SameSite=Strict;Secure;priority=high"],"x-content-type-options":"nosniff","x-xss-protection":"1","pragma":"no-cache","cache-control":"private,no-cache,no-store,max-age=0,must-revalidate","expires":"Thu, 01 Jan 1970 00:00:00 GMT","x-frame-options":"DENY","strict-transport-security":"max-age=63072000"}

[debug] [2022-09-24T23:24:49.513Z] : >>>> HTTP REQUEST : GET https://api.catalyst.zoho.com/baas/v1/project/11176000000062001/function 
Query params: {"type":"basicio,event,cron,applogic,integration"}

[debug] [2022-09-24T23:24:50.394Z] : <<<< HTTP RESPONSE : 200
Response Headers: {"server":"ZGS","date":"Sat, 24 Sep 2022 23:24:50 GMT","content-type":"application/vnd.catalyst.v2+json","transfer-encoding":"chunked","connection":"close","set-cookie":["46512fd555=63dd9cf89a6678b816d9580ec827ee61; Path=/","ZD_CSRF_TOKEN=1032bd71-293b-4a02-9138-5ebdbd0459ff;path=/;SameSite=None;Secure;priority=high","_zcsr_tmp=1032bd71-293b-4a02-9138-5ebdbd0459ff;path=/;SameSite=Strict;Secure;priority=high"],"x-content-type-options":"nosniff","x-xss-protection":"1","pragma":"no-cache","cache-control":"private,no-cache,no-store,max-age=0,must-revalidate","expires":"Thu, 01 Jan 1970 00:00:00 GMT","x-frame-options":"DENY","strict-transport-security":"max-age=63072000"}

[debug] [2022-09-24T23:24:50.401Z] : unknown eol undefined hence skipping check
[debug] [2022-09-24T23:24:50.401Z] : unknown eol undefined hence skipping check
[debug] [2022-09-24T23:24:50.402Z] : unknown eol undefined hence skipping check
[debug] [2022-09-24T23:24:50.413Z] : http port : '3010' is not available. Hence port '3011' will be used instead.
[info] [2022-09-24T23:24:50.567Z] : ℹ functions(addLog): URL => http://localhost:3000/server/addLog/execute
[info] [2022-09-24T23:24:50.569Z] : 
[info] [2022-09-24T23:24:50.584Z] : ℹ server[hackathon_2022_function]: URL : http://localhost:3000/server/hackathon_2022_function/
[info] [2022-09-24T23:24:50.584Z] : 
[info] [2022-09-24T23:24:50.601Z] : ℹ server[microservice]: URL : http://localhost:3000/server/microservice/
[info] [2022-09-24T23:24:50.601Z] : 
[info] [2022-09-24T23:25:28.355Z] : 
change of index.js in microservice detected. Preparing your function, please wait...
[info] [2022-09-24T23:25:28.397Z] : ℹ server[microservice]: URL : http://localhost:3000/server/microservice/
[info] [2022-09-24T23:25:28.397Z] : 
[info] [2022-09-24T23:25:28.499Z] : ℹ server[microservice]: ready!
[info] [2022-09-24T23:29:20.740Z] : 
change of index.js in microservice detected. Preparing your function, please wait...
[info] [2022-09-24T23:29:20.797Z] : ℹ server[microservice]: URL : http://localhost:3000/server/microservice/
[info] [2022-09-24T23:29:20.798Z] : 
[info] [2022-09-24T23:29:20.899Z] : ℹ server[microservice]: ready!
[info] [2022-09-24T23:30:20.297Z] : 
change of index.js in microservice detected. Preparing your function, please wait...
[info] [2022-09-24T23:30:20.326Z] : ℹ server[microservice]: URL : http://localhost:3000/server/microservice/
[info] [2022-09-24T23:30:20.326Z] : 
[info] [2022-09-24T23:30:20.433Z] : ℹ server[microservice]: ready!
[info] [2022-09-24T23:32:48.418Z] : 
change of index.js in microservice detected. Preparing your function, please wait...
[info] [2022-09-24T23:32:48.461Z] : ℹ server[microservice]: URL : http://localhost:3000/server/microservice/
[info] [2022-09-24T23:32:48.461Z] : 
[info] [2022-09-24T23:32:48.563Z] : ℹ server[microservice]: ready!
[info] [2022-09-24T23:32:58.991Z] : 
change of index.js in microservice detected. Preparing your function, please wait...
[info] [2022-09-24T23:32:59.008Z] : ℹ server[microservice]: URL : http://localhost:3000/server/microservice/
[info] [2022-09-24T23:32:59.008Z] : 
[info] [2022-09-24T23:32:59.113Z] : ℹ server[microservice]: ready!
[info] [2022-09-24T23:33:03.202Z] : 
change of index.js in microservice detected. Preparing your function, please wait...
[info] [2022-09-24T23:33:03.224Z] : ℹ server[microservice]: URL : http://localhost:3000/server/microservice/
[info] [2022-09-24T23:33:03.225Z] : 
[info] [2022-09-24T23:33:03.327Z] : ℹ server[microservice]: ready!
