[debug] [2022-09-24T13:07:40.494Z] : 
[debug] [2022-09-24T13:07:40.495Z] : ----------------------------------------------------------------------
[debug] [2022-09-24T13:07:40.496Z] : Command:      /usr/local/bin/node /usr/local/bin/catalyst serve
[debug] [2022-09-24T13:07:40.496Z] : CLI Version:  1.13.3
[debug] [2022-09-24T13:07:40.496Z] : Platform:     darwin
[debug] [2022-09-24T13:07:40.497Z] : Node Version: v16.17.0
[debug] [2022-09-24T13:07:40.504Z] : Time:         Sat Sep 24 2022 18:37:40 GMT+0530 (India Standard Time)
[debug] [2022-09-24T13:07:40.505Z] : ----------------------------------------------------------------------
[debug] [2022-09-24T13:07:40.505Z] : 
[debug] [2022-09-24T13:07:41.809Z] : > authorizing via signed-in user option
[debug] [2022-09-24T13:07:41.809Z] : > command requires scopes: ["ZohoCatalyst.projects.ALL","ZohoCatalyst.functions.ALL","ZohoCatalyst.functions.EXECUTE","ZohoCatalyst.webapp.ALL"]
[debug] [2022-09-24T13:07:41.822Z] : >>>> HTTP REQUEST : GET https://api.catalyst.zoho.com/baas/v1/project/11176000000062001 

[debug] [2022-09-24T13:07:42.791Z] : <<<< HTTP RESPONSE : 200
Response Headers: {"server":"ZGS","date":"Sat, 24 Sep 2022 13:07:42 GMT","content-type":"application/vnd.catalyst.v2+json","transfer-encoding":"chunked","connection":"close","set-cookie":["46512fd555=ba2a1b22f2a5e14b0d2647f7e38884fc; Path=/","ZD_CSRF_TOKEN=a1136537-00dc-4bb3-a5b8-b2ae4d2ac0d3;path=/;SameSite=None;Secure;priority=high","_zcsr_tmp=a1136537-00dc-4bb3-a5b8-b2ae4d2ac0d3;path=/;SameSite=Strict;Secure;priority=high"],"x-content-type-options":"nosniff","x-xss-protection":"1","pragma":"no-cache","cache-control":"private,no-cache,no-store,max-age=0,must-revalidate","expires":"Thu, 01 Jan 1970 00:00:00 GMT","x-frame-options":"DENY","strict-transport-security":"max-age=63072000"}

[debug] [2022-09-24T13:07:42.795Z] : >>>> HTTP REQUEST : GET https://api.catalyst.zoho.com/baas/v1/project/11176000000062001/environment 

[debug] [2022-09-24T13:07:44.038Z] : <<<< HTTP RESPONSE : 200
Response Headers: {"server":"ZGS","date":"Sat, 24 Sep 2022 13:07:44 GMT","content-type":"application/vnd.catalyst.v2+json","transfer-encoding":"chunked","connection":"close","set-cookie":["46512fd555=04d9a2d1e2e86744f9516a3e9f805f56; Path=/","ZD_CSRF_TOKEN=658bf81e-610f-4e8b-aadd-9d93a8001ffa;path=/;SameSite=None;Secure;priority=high","_zcsr_tmp=658bf81e-610f-4e8b-aadd-9d93a8001ffa;path=/;SameSite=Strict;Secure;priority=high"],"x-content-type-options":"nosniff","x-xss-protection":"1","pragma":"no-cache","cache-control":"private,no-cache,no-store,max-age=0,must-revalidate","expires":"Thu, 01 Jan 1970 00:00:00 GMT","x-frame-options":"DENY","strict-transport-security":"max-age=63072000"}

[debug] [2022-09-24T13:07:44.336Z] : >>>> HTTP REQUEST : GET https://api.catalyst.zoho.com/baas/v1/project/11176000000062001/function 
Query params: {"type":"basicio,event,cron,applogic,integration"}

[debug] [2022-09-24T13:07:45.223Z] : <<<< HTTP RESPONSE : 200
Response Headers: {"server":"ZGS","date":"Sat, 24 Sep 2022 13:07:45 GMT","content-type":"application/vnd.catalyst.v2+json","transfer-encoding":"chunked","connection":"close","set-cookie":["46512fd555=bbdfb771565421abbe10f7a180903d28; Path=/","ZD_CSRF_TOKEN=cce0060a-0b7c-4054-a22f-b93353ef5d82;path=/;SameSite=None;Secure;priority=high","_zcsr_tmp=cce0060a-0b7c-4054-a22f-b93353ef5d82;path=/;SameSite=Strict;Secure;priority=high"],"x-content-type-options":"nosniff","x-xss-protection":"1","pragma":"no-cache","cache-control":"private,no-cache,no-store,max-age=0,must-revalidate","expires":"Thu, 01 Jan 1970 00:00:00 GMT","x-frame-options":"DENY","strict-transport-security":"max-age=63072000"}

[debug] [2022-09-24T13:07:45.229Z] : unknown eol undefined hence skipping check
[debug] [2022-09-24T13:07:45.230Z] : unknown eol undefined hence skipping check
[debug] [2022-09-24T13:07:45.242Z] : http port : '3010' is not available. Hence port '3011' will be used instead.
[info] [2022-09-24T13:07:45.289Z] : ℹ server[hackathon_2022_function]: URL : http://localhost:3000/server/hackathon_2022_function/
[info] [2022-09-24T13:07:45.289Z] : 
[info] [2022-09-24T13:07:45.307Z] : ℹ server[microservice]: URL : http://localhost:3000/server/microservice/
[info] [2022-09-24T13:07:45.307Z] : 
[info] [2022-09-24T13:07:45.539Z] : ℹ client[clientApp]: URL : http://localhost:3000/app/
[error] [2022-09-24T13:07:45.937Z] : ✖ Unable to serve the requested file: /Users/rashmi/Desktop/Zoho/IncquetCatalystHackathon2022/client/main.css
[debug] [2022-09-24T13:07:45.937Z] : Error: ENOENT: no such file or directory, stat '/Users/rashmi/Desktop/Zoho/IncquetCatalystHackathon2022/client/main.css'
[error] [2022-09-24T13:10:08.301Z] : ✖ Unable to serve the requested file: /Users/rashmi/Desktop/Zoho/IncquetCatalystHackathon2022/client/home/products/2
[debug] [2022-09-24T13:10:08.302Z] : Error: ENOENT: no such file or directory, stat '/Users/rashmi/Desktop/Zoho/IncquetCatalystHackathon2022/client/home/products/2'
[info] [2022-09-24T13:10:48.054Z] : Change(s) is detected in home/components/ProductDetail.vue of the Web-Client.
[error] [2022-09-24T13:10:48.166Z] : ✖ Unable to serve the requested file: /Users/rashmi/Desktop/Zoho/IncquetCatalystHackathon2022/client/main.css
[debug] [2022-09-24T13:10:48.166Z] : Error: ENOENT: no such file or directory, stat '/Users/rashmi/Desktop/Zoho/IncquetCatalystHackathon2022/client/main.css'
[info] [2022-09-24T13:11:32.210Z] : Change(s) is detected in home/components/ProductDetail.vue of the Web-Client.
[error] [2022-09-24T13:11:32.341Z] : ✖ Unable to serve the requested file: /Users/rashmi/Desktop/Zoho/IncquetCatalystHackathon2022/client/main.css
[debug] [2022-09-24T13:11:32.341Z] : Error: ENOENT: no such file or directory, stat '/Users/rashmi/Desktop/Zoho/IncquetCatalystHackathon2022/client/main.css'
[info] [2022-09-24T13:12:38.727Z] : Change(s) is detected in home/components/ProductDetail.vue of the Web-Client.
[error] [2022-09-24T13:12:38.810Z] : ✖ Unable to serve the requested file: /Users/rashmi/Desktop/Zoho/IncquetCatalystHackathon2022/client/main.css
[debug] [2022-09-24T13:12:38.810Z] : Error: ENOENT: no such file or directory, stat '/Users/rashmi/Desktop/Zoho/IncquetCatalystHackathon2022/client/main.css'
[info] [2022-09-24T13:13:10.454Z] : Change(s) is detected in home/main.css of the Web-Client.
[error] [2022-09-24T13:13:10.568Z] : ✖ Unable to serve the requested file: /Users/rashmi/Desktop/Zoho/IncquetCatalystHackathon2022/client/main.css
[debug] [2022-09-24T13:13:10.568Z] : Error: ENOENT: no such file or directory, stat '/Users/rashmi/Desktop/Zoho/IncquetCatalystHackathon2022/client/main.css'
[info] [2022-09-24T13:13:36.714Z] : Change(s) is detected in home/components/ProductDetail.vue of the Web-Client.
[error] [2022-09-24T13:13:36.765Z] : ✖ Unable to serve the requested file: /Users/rashmi/Desktop/Zoho/IncquetCatalystHackathon2022/client/main.css
[debug] [2022-09-24T13:13:36.765Z] : Error: ENOENT: no such file or directory, stat '/Users/rashmi/Desktop/Zoho/IncquetCatalystHackathon2022/client/main.css'
[info] [2022-09-24T13:13:58.601Z] : Change(s) is detected in home/components/ProductDetail.vue of the Web-Client.
[error] [2022-09-24T13:13:58.671Z] : ✖ Unable to serve the requested file: /Users/rashmi/Desktop/Zoho/IncquetCatalystHackathon2022/client/main.css
[debug] [2022-09-24T13:13:58.672Z] : Error: ENOENT: no such file or directory, stat '/Users/rashmi/Desktop/Zoho/IncquetCatalystHackathon2022/client/main.css'
[info] [2022-09-24T13:14:44.996Z] : Change(s) is detected in home/components/ProductDetail.vue of the Web-Client.
[error] [2022-09-24T13:14:45.056Z] : ✖ Unable to serve the requested file: /Users/rashmi/Desktop/Zoho/IncquetCatalystHackathon2022/client/main.css
[debug] [2022-09-24T13:14:45.056Z] : Error: ENOENT: no such file or directory, stat '/Users/rashmi/Desktop/Zoho/IncquetCatalystHackathon2022/client/main.css'
[info] [2022-09-24T13:15:28.357Z] : Change(s) is detected in home/components/ProductDetail.vue of the Web-Client.
[error] [2022-09-24T13:15:28.423Z] : ✖ Unable to serve the requested file: /Users/rashmi/Desktop/Zoho/IncquetCatalystHackathon2022/client/main.css
[debug] [2022-09-24T13:15:28.424Z] : Error: ENOENT: no such file or directory, stat '/Users/rashmi/Desktop/Zoho/IncquetCatalystHackathon2022/client/main.css'
[info] [2022-09-24T13:16:08.221Z] : Change(s) is detected in home/components/ProductDetail.vue of the Web-Client.
[error] [2022-09-24T13:16:08.312Z] : ✖ Unable to serve the requested file: /Users/rashmi/Desktop/Zoho/IncquetCatalystHackathon2022/client/main.css
[debug] [2022-09-24T13:16:08.312Z] : Error: ENOENT: no such file or directory, stat '/Users/rashmi/Desktop/Zoho/IncquetCatalystHackathon2022/client/main.css'
[info] [2022-09-24T13:16:24.868Z] : Change(s) is detected in home/components/ProductDetail.vue of the Web-Client.
[error] [2022-09-24T13:16:25.005Z] : ✖ Unable to serve the requested file: /Users/rashmi/Desktop/Zoho/IncquetCatalystHackathon2022/client/main.css
[debug] [2022-09-24T13:16:25.005Z] : Error: ENOENT: no such file or directory, stat '/Users/rashmi/Desktop/Zoho/IncquetCatalystHackathon2022/client/main.css'
[info] [2022-09-24T13:16:44.059Z] : Change(s) is detected in home/components/ProductDetail.vue of the Web-Client.
[error] [2022-09-24T13:16:44.147Z] : ✖ Unable to serve the requested file: /Users/rashmi/Desktop/Zoho/IncquetCatalystHackathon2022/client/main.css
[debug] [2022-09-24T13:16:44.147Z] : Error: ENOENT: no such file or directory, stat '/Users/rashmi/Desktop/Zoho/IncquetCatalystHackathon2022/client/main.css'
[info] [2022-09-24T13:17:16.410Z] : Change(s) is detected in home/components/ProductDetail.vue of the Web-Client.
[error] [2022-09-24T13:17:16.458Z] : ✖ Unable to serve the requested file: /Users/rashmi/Desktop/Zoho/IncquetCatalystHackathon2022/client/main.css
[debug] [2022-09-24T13:17:16.458Z] : Error: ENOENT: no such file or directory, stat '/Users/rashmi/Desktop/Zoho/IncquetCatalystHackathon2022/client/main.css'
[info] [2022-09-24T13:17:23.309Z] : Change(s) is detected in home/components/ProductDetail.vue of the Web-Client.
[error] [2022-09-24T13:17:23.379Z] : ✖ Unable to serve the requested file: /Users/rashmi/Desktop/Zoho/IncquetCatalystHackathon2022/client/main.css
[debug] [2022-09-24T13:17:23.380Z] : Error: ENOENT: no such file or directory, stat '/Users/rashmi/Desktop/Zoho/IncquetCatalystHackathon2022/client/main.css'
[info] [2022-09-24T13:17:46.831Z] : Change(s) is detected in home/components/ProductDetail.vue of the Web-Client.
[error] [2022-09-24T13:17:46.909Z] : ✖ Unable to serve the requested file: /Users/rashmi/Desktop/Zoho/IncquetCatalystHackathon2022/client/main.css
[debug] [2022-09-24T13:17:46.909Z] : Error: ENOENT: no such file or directory, stat '/Users/rashmi/Desktop/Zoho/IncquetCatalystHackathon2022/client/main.css'
[info] [2022-09-24T13:17:50.505Z] : Change(s) is detected in home/components/ProductDetail.vue of the Web-Client.
[error] [2022-09-24T13:17:50.550Z] : ✖ Unable to serve the requested file: /Users/rashmi/Desktop/Zoho/IncquetCatalystHackathon2022/client/main.css
[debug] [2022-09-24T13:17:50.550Z] : Error: ENOENT: no such file or directory, stat '/Users/rashmi/Desktop/Zoho/IncquetCatalystHackathon2022/client/main.css'
[info] [2022-09-24T13:18:01.560Z] : Change(s) is detected in home/components/ProductDetail.vue of the Web-Client.
[error] [2022-09-24T13:18:01.615Z] : ✖ Unable to serve the requested file: /Users/rashmi/Desktop/Zoho/IncquetCatalystHackathon2022/client/main.css
[debug] [2022-09-24T13:18:01.615Z] : Error: ENOENT: no such file or directory, stat '/Users/rashmi/Desktop/Zoho/IncquetCatalystHackathon2022/client/main.css'
[info] [2022-09-24T13:18:19.093Z] : Change(s) is detected in home/components/ProductDetail.vue of the Web-Client.
[error] [2022-09-24T13:18:19.151Z] : ✖ Unable to serve the requested file: /Users/rashmi/Desktop/Zoho/IncquetCatalystHackathon2022/client/main.css
[debug] [2022-09-24T13:18:19.151Z] : Error: ENOENT: no such file or directory, stat '/Users/rashmi/Desktop/Zoho/IncquetCatalystHackathon2022/client/main.css'
[info] [2022-09-24T13:19:19.091Z] : Change(s) is detected in home/components/ProductDetail.vue of the Web-Client.
[error] [2022-09-24T13:19:19.166Z] : ✖ Unable to serve the requested file: /Users/rashmi/Desktop/Zoho/IncquetCatalystHackathon2022/client/main.css
[debug] [2022-09-24T13:19:19.166Z] : Error: ENOENT: no such file or directory, stat '/Users/rashmi/Desktop/Zoho/IncquetCatalystHackathon2022/client/main.css'
[info] [2022-09-24T13:19:52.752Z] : Change(s) is detected in home/main.css of the Web-Client.
[error] [2022-09-24T13:19:52.808Z] : ✖ Unable to serve the requested file: /Users/rashmi/Desktop/Zoho/IncquetCatalystHackathon2022/client/main.css
[debug] [2022-09-24T13:19:52.808Z] : Error: ENOENT: no such file or directory, stat '/Users/rashmi/Desktop/Zoho/IncquetCatalystHackathon2022/client/main.css'
[info] [2022-09-24T13:20:07.409Z] : Change(s) is detected in home/main.css of the Web-Client.
[error] [2022-09-24T13:20:07.453Z] : ✖ Unable to serve the requested file: /Users/rashmi/Desktop/Zoho/IncquetCatalystHackathon2022/client/main.css
[debug] [2022-09-24T13:20:07.453Z] : Error: ENOENT: no such file or directory, stat '/Users/rashmi/Desktop/Zoho/IncquetCatalystHackathon2022/client/main.css'
[info] [2022-09-24T13:20:30.626Z] : Change(s) is detected in home/main.css of the Web-Client.
[error] [2022-09-24T13:20:30.702Z] : ✖ Unable to serve the requested file: /Users/rashmi/Desktop/Zoho/IncquetCatalystHackathon2022/client/main.css
[debug] [2022-09-24T13:20:30.702Z] : Error: ENOENT: no such file or directory, stat '/Users/rashmi/Desktop/Zoho/IncquetCatalystHackathon2022/client/main.css'
[info] [2022-09-24T13:20:39.676Z] : Change(s) is detected in home/components/ProductDetail.vue of the Web-Client.
[error] [2022-09-24T13:20:39.733Z] : ✖ Unable to serve the requested file: /Users/rashmi/Desktop/Zoho/IncquetCatalystHackathon2022/client/main.css
[debug] [2022-09-24T13:20:39.733Z] : Error: ENOENT: no such file or directory, stat '/Users/rashmi/Desktop/Zoho/IncquetCatalystHackathon2022/client/main.css'
[error] [2022-09-24T13:20:52.773Z] : ✖ Unable to serve the requested file: /Users/rashmi/Desktop/Zoho/IncquetCatalystHackathon2022/client/home/products/2
[debug] [2022-09-24T13:20:52.773Z] : Error: ENOENT: no such file or directory, stat '/Users/rashmi/Desktop/Zoho/IncquetCatalystHackathon2022/client/home/products/2'
[info] [2022-09-24T13:22:18.996Z] : Change(s) is detected in home/components/ProductDetail.vue of the Web-Client.
[error] [2022-09-24T13:22:19.076Z] : ✖ Unable to serve the requested file: /Users/rashmi/Desktop/Zoho/IncquetCatalystHackathon2022/client/main.css
[debug] [2022-09-24T13:22:19.076Z] : Error: ENOENT: no such file or directory, stat '/Users/rashmi/Desktop/Zoho/IncquetCatalystHackathon2022/client/main.css'
[info] [2022-09-24T13:22:36.530Z] : Change(s) is detected in home/components/ProductDetail.vue of the Web-Client.
[error] [2022-09-24T13:22:36.594Z] : ✖ Unable to serve the requested file: /Users/rashmi/Desktop/Zoho/IncquetCatalystHackathon2022/client/main.css
[debug] [2022-09-24T13:22:36.595Z] : Error: ENOENT: no such file or directory, stat '/Users/rashmi/Desktop/Zoho/IncquetCatalystHackathon2022/client/main.css'
[info] [2022-09-24T13:23:11.545Z] : Change(s) is detected in home/components/ProductDetail.vue of the Web-Client.
[error] [2022-09-24T13:23:11.615Z] : ✖ Unable to serve the requested file: /Users/rashmi/Desktop/Zoho/IncquetCatalystHackathon2022/client/main.css
[debug] [2022-09-24T13:23:11.615Z] : Error: ENOENT: no such file or directory, stat '/Users/rashmi/Desktop/Zoho/IncquetCatalystHackathon2022/client/main.css'
[info] [2022-09-24T13:23:13.945Z] : Change(s) is detected in home/components/ProductDetail.vue of the Web-Client.
[error] [2022-09-24T13:23:13.978Z] : ✖ Unable to serve the requested file: /Users/rashmi/Desktop/Zoho/IncquetCatalystHackathon2022/client/main.css
[debug] [2022-09-24T13:23:13.978Z] : Error: ENOENT: no such file or directory, stat '/Users/rashmi/Desktop/Zoho/IncquetCatalystHackathon2022/client/main.css'
[info] [2022-09-24T13:24:00.301Z] : Change(s) is detected in home/views/products.vue of the Web-Client.
[error] [2022-09-24T13:24:00.406Z] : ✖ Unable to serve the requested file: /Users/rashmi/Desktop/Zoho/IncquetCatalystHackathon2022/client/main.css
[debug] [2022-09-24T13:24:00.407Z] : Error: ENOENT: no such file or directory, stat '/Users/rashmi/Desktop/Zoho/IncquetCatalystHackathon2022/client/main.css'
[info] [2022-09-24T13:24:10.433Z] : Change(s) is detected in home/views/products.vue of the Web-Client.
[error] [2022-09-24T13:24:10.520Z] : ✖ Unable to serve the requested file: /Users/rashmi/Desktop/Zoho/IncquetCatalystHackathon2022/client/main.css
[debug] [2022-09-24T13:24:10.521Z] : Error: ENOENT: no such file or directory, stat '/Users/rashmi/Desktop/Zoho/IncquetCatalystHackathon2022/client/main.css'
[info] [2022-09-24T13:24:17.965Z] : Change(s) is detected in home/components/ProductDetail.vue of the Web-Client.
[error] [2022-09-24T13:24:18.049Z] : ✖ Unable to serve the requested file: /Users/rashmi/Desktop/Zoho/IncquetCatalystHackathon2022/client/main.css
[debug] [2022-09-24T13:24:18.049Z] : Error: ENOENT: no such file or directory, stat '/Users/rashmi/Desktop/Zoho/IncquetCatalystHackathon2022/client/main.css'
[info] [2022-09-24T13:24:20.017Z] : Change(s) is detected in home/components/ProductDetail.vue of the Web-Client.
[error] [2022-09-24T13:24:20.056Z] : ✖ Unable to serve the requested file: /Users/rashmi/Desktop/Zoho/IncquetCatalystHackathon2022/client/main.css
[debug] [2022-09-24T13:24:20.057Z] : Error: ENOENT: no such file or directory, stat '/Users/rashmi/Desktop/Zoho/IncquetCatalystHackathon2022/client/main.css'
[info] [2022-09-24T13:26:37.675Z] : Change(s) is detected in home/main.css of the Web-Client.
[error] [2022-09-24T13:26:37.727Z] : ✖ Unable to serve the requested file: /Users/rashmi/Desktop/Zoho/IncquetCatalystHackathon2022/client/main.css
[debug] [2022-09-24T13:26:37.727Z] : Error: ENOENT: no such file or directory, stat '/Users/rashmi/Desktop/Zoho/IncquetCatalystHackathon2022/client/main.css'
[info] [2022-09-24T13:28:44.205Z] : Change(s) is detected in home/main.css of the Web-Client.
[error] [2022-09-24T13:28:44.286Z] : ✖ Unable to serve the requested file: /Users/rashmi/Desktop/Zoho/IncquetCatalystHackathon2022/client/main.css
[debug] [2022-09-24T13:28:44.286Z] : Error: ENOENT: no such file or directory, stat '/Users/rashmi/Desktop/Zoho/IncquetCatalystHackathon2022/client/main.css'
[info] [2022-09-24T13:28:52.168Z] : Change(s) is detected in home/main.css of the Web-Client.
[error] [2022-09-24T13:28:52.246Z] : ✖ Unable to serve the requested file: /Users/rashmi/Desktop/Zoho/IncquetCatalystHackathon2022/client/main.css
[debug] [2022-09-24T13:28:52.247Z] : Error: ENOENT: no such file or directory, stat '/Users/rashmi/Desktop/Zoho/IncquetCatalystHackathon2022/client/main.css'
[info] [2022-09-24T13:28:55.403Z] : Change(s) is detected in home/main.css of the Web-Client.
[error] [2022-09-24T13:28:55.496Z] : ✖ Unable to serve the requested file: /Users/rashmi/Desktop/Zoho/IncquetCatalystHackathon2022/client/main.css
[debug] [2022-09-24T13:28:55.496Z] : Error: ENOENT: no such file or directory, stat '/Users/rashmi/Desktop/Zoho/IncquetCatalystHackathon2022/client/main.css'
